<?xml version="1.0" encoding="UTF-8"?>
<testsuite name="Spek" tests="3" skipped="0" failures="0" errors="0" time="2.872" hostname="DEL0394" timestamp="2017-03-27T16:53:14">
<properties>
<property name="awt.toolkit" value="sun.awt.windows.WToolkit"/>
<property name="file.encoding" value="windows-1252"/>
<property name="file.encoding.pkg" value="sun.io"/>
<property name="file.separator" value="\"/>
<property name="io.netty.noJdkZlibDecoder" value="false"/>
<property name="java.awt.graphicsenv" value="sun.awt.Win32GraphicsEnvironment"/>
<property name="java.awt.printerjob" value="sun.awt.windows.WPrinterJob"/>
<property name="java.class.path" value="C:\Users\vvempati\projects\Diamond\codingChallenge\application\build\classes\test;C:\Users\vvempati\projects\Diamond\codingChallenge\application\build\resources\test;C:\Users\vvempati\projects\Diamond\codingChallenge\application\build\classes\main;C:\Users\vvempati\projects\Diamond\codingChallenge\application\build\resources\main;C:\Users\vvempati\.gradle\caches\modules-2\files-2.1\io.vertx\vertx-core\3.3.2\361c2931be45762af07fd695bfd38d7b58f2d068\vertx-core-3.3.2.jar;C:\Users\vvempati\.gradle\caches\modules-2\files-2.1\io.vertx\vertx-web\3.3.2\81664e1f1c7ac2a69a94b4cd236cfd96706e8143\vertx-web-3.3.2.jar;C:\Users\vvempati\.gradle\caches\modules-2\files-2.1\io.vertx\vertx-codegen\3.3.2\c6e0fc72777a9b924916dda67ca6a4ceee076645\vertx-codegen-3.3.2.jar;C:\Users\vvempati\.gradle\caches\modules-2\files-2.1\io.vertx\vertx-rx-java\3.3.2\5e1412b535c16a651ffc5b8d20cbcebd80bc4b95\vertx-rx-java-3.3.2.jar;C:\Users\vvempati\.gradle\caches\modules-2\files-2.1\io.vertx\vertx-auth-common\3.3.2\ca4a5554104f04c4e77ac636011bed3fbbaf407\vertx-auth-common-3.3.2.jar;C:\Users\vvempati\.gradle\caches\modules-2\files-2.1\org.jetbrains.kotlin\kotlin-stdlib\1.0.6\d19acb6ed49b9c48228c0e5dff8071fce23be4b8\kotlin-stdlib-1.0.6.jar;C:\Users\vvempati\.gradle\caches\modules-2\files-2.1\com.winterbe\expekt\0.4.0\17c2179805bfeac35717de29cac4775c154b869e\expekt-0.4.0.jar;C:\Users\vvempati\.gradle\caches\modules-2\files-2.1\com.nhaarman\mockito-kotlin\0.9.0\3f613424a092766f53e5ddaba15102847087889e\mockito-kotlin-0.9.0.jar;C:\Users\vvempati\.gradle\caches\modules-2\files-2.1\net._01001111\jlorem\1.1\a7e7f29dce59f839de4b6d22ec4045f3da53683c\jlorem-1.1.jar;C:\Users\vvempati\.gradle\caches\modules-2\files-2.1\com.auth0\auth0\0.4.0\24a29ca348d3d0adc73027364cbab51b9b00ec9f\auth0-0.4.0.jar;C:\Users\vvempati\.gradle\caches\modules-2\files-2.1\net.sourceforge.jtds\jtds\1.3.1\1527f2fc2f040898625370a1687d902aa0743bcc\jtds-1.3.1.jar;C:\Users\vvempati\.gradle\caches\modules-2\files-2.1\com.datastax.cassandra\cassandra-driver-core\3.1.1\e98ff00859098f4f7222083740f2d25ce1004a59\cassandra-driver-core-3.1.1.jar;C:\Users\vvempati\.gradle\caches\modules-2\files-2.1\com.datastax.cassandra\cassandra-driver-mapping\3.1.1\8c10d9706370ca34b95bddd1a26ca7d96b6099ed\cassandra-driver-mapping-3.1.1.jar;C:\Users\vvempati\.gradle\caches\modules-2\files-2.1\org.jdbi\jdbi\2.77\28221480ad68130ff127a483d1389aaeac1985f0\jdbi-2.77.jar;C:\Users\vvempati\.gradle\caches\modules-2\files-2.1\org.apache.commons\commons-lang3\3.4\5fe28b9518e58819180a43a850fbc0dd24b7c050\commons-lang3-3.4.jar;C:\Users\vvempati\.gradle\caches\modules-2\files-2.1\org.awaitility\awaitility\2.0.0\d819d01d141e1fe67f40c432bded9244a14ad659\awaitility-2.0.0.jar;C:\Users\vvempati\.gradle\caches\modules-2\files-2.1\org.junit.platform\junit-platform-launcher\1.0.0-M3\86525f5274dee56f533f938f9aeae9a3716f8c4\junit-platform-launcher-1.0.0-M3.jar;C:\Users\vvempati\.gradle\caches\modules-2\files-2.1\io.netty\netty-common\4.1.1.Final\c2d41a3420357bf4d81da4980dc1973c66e5bab6\netty-common-4.1.1.Final.jar;C:\Users\vvempati\.gradle\caches\modules-2\files-2.1\io.netty\netty-buffer\4.1.1.Final\1a04a8250c4e8780d79fdd2d0f4e74e00a9b8042\netty-buffer-4.1.1.Final.jar;C:\Users\vvempati\.gradle\caches\modules-2\files-2.1\io.netty\netty-transport\4.1.1.Final\1bfc5b0e863966d164e3f96317d7e67de5dff2b0\netty-transport-4.1.1.Final.jar;C:\Users\vvempati\.gradle\caches\modules-2\files-2.1\io.netty\netty-handler\4.1.1.Final\e63c889c4401ebe9dad042990ee1aa8bc4799cee\netty-handler-4.1.1.Final.jar;C:\Users\vvempati\.gradle\caches\modules-2\files-2.1\io.netty\netty-handler-proxy\4.1.1.Final\f62ab76bd2473a58d1cef3fc76edc8ff493b3a97\netty-handler-proxy-4.1.1.Final.jar;C:\Users\vvempati\.gradle\caches\modules-2\files-2.1\io.netty\netty-codec-http\4.1.1.Final\f224d753c5f4dbf7c2a69d3e1e453d7ef562ad0\netty-codec-http-4.1.1.Final.jar;C:\Users\vvempati\.gradle\caches\modules-2\files-2.1\io.netty\netty-codec-http2\4.1.1.Final\fc4baf0e7285b622162885d3724c1d419cb42ddd\netty-codec-http2-4.1.1.Final.jar;C:\Users\vvempati\.gradle\caches\modules-2\files-2.1\io.netty\netty-resolver\4.1.1.Final\8495cc4a14a4b25e5442004aabaa20101b7aeba7\netty-resolver-4.1.1.Final.jar;C:\Users\vvempati\.gradle\caches\modules-2\files-2.1\io.netty\netty-resolver-dns\4.1.1.Final\bc91a6e97810e7c5ad3e068d507135d73d652d3c\netty-resolver-dns-4.1.1.Final.jar;C:\Users\vvempati\.gradle\caches\modules-2\files-2.1\org.mvel\mvel2\2.2.8.Final\a0d38dc2422594621b71604f91255af1001114c0\mvel2-2.2.8.Final.jar;C:\Users\vvempati\.gradle\caches\modules-2\files-2.1\io.reactivex\rxjava\1.1.5\ece7b5d0870e66d8226dab6dcf47a2b12afff061\rxjava-1.1.5.jar;C:\Users\vvempati\.gradle\caches\modules-2\files-2.1\org.mockito\mockito-core\2.2.6\f25b4f9bfbe7269245fa2a1c9edad59d08f974fe\mockito-core-2.2.6.jar;C:\Users\vvempati\.gradle\caches\modules-2\files-2.1\com.google.code.gson\gson\2.6.2\f1bc476cc167b18e66c297df599b2377131a8947\gson-2.6.2.jar;C:\Users\vvempati\.gradle\caches\modules-2\files-2.1\com.squareup.okhttp\okhttp\2.5.0\4de2b4ed3445c37ec1720a7d214712e845a24636\okhttp-2.5.0.jar;C:\Users\vvempati\.gradle\caches\modules-2\files-2.1\org.hamcrest\hamcrest-library\1.3\4785a3c21320980282f9f33d0d1264a69040538f\hamcrest-library-1.3.jar;C:\Users\vvempati\.gradle\caches\modules-2\files-2.1\org.hamcrest\hamcrest-core\1.3\42a25dc3219429f0e5d060061f71acb49bf010a0\hamcrest-core-1.3.jar;C:\Users\vvempati\.gradle\caches\modules-2\files-2.1\cglib\cglib-nodep\3.1\aa83efbd1aedc4f26bdf00e7ea78191483f2c9b3\cglib-nodep-3.1.jar;C:\Users\vvempati\.gradle\caches\modules-2\files-2.1\org.junit.platform\junit-platform-engine\1.0.0-M3\39a1db55680c9f32985c84ba2951912138b18ac3\junit-platform-engine-1.0.0-M3.jar;C:\Users\vvempati\.gradle\caches\modules-2\files-2.1\io.netty\netty-codec\4.1.1.Final\dad7f30d68a0ff53412397c6c6053e251f8e78a6\netty-codec-4.1.1.Final.jar;C:\Users\vvempati\.gradle\caches\modules-2\files-2.1\io.netty\netty-codec-socks\4.1.1.Final\a90bf019e9dc47eeb04be3c3e37b49749a9b2f0e\netty-codec-socks-4.1.1.Final.jar;C:\Users\vvempati\.gradle\caches\modules-2\files-2.1\io.netty\netty-codec-dns\4.1.1.Final\af31d6e8380b525c13b347e666a4fb88fb360c2a\netty-codec-dns-4.1.1.Final.jar;C:\Users\vvempati\.gradle\caches\modules-2\files-2.1\net.bytebuddy\byte-buddy\1.4.33\911428f94b1efd9b07a59f1ee57eb011c283ed51\byte-buddy-1.4.33.jar;C:\Users\vvempati\.gradle\caches\modules-2\files-2.1\net.bytebuddy\byte-buddy-agent\1.4.33\726a5aa27a9a2a2428e96846c4775aaf7c62ec87\byte-buddy-agent-1.4.33.jar;C:\Users\vvempati\.gradle\caches\modules-2\files-2.1\com.squareup.okio\okio\1.6.0\98476622f10715998eacf9240d6b479f12c66143\okio-1.6.0.jar;C:\Users\vvempati\.gradle\caches\modules-2\files-2.1\org.junit.platform\junit-platform-commons\1.0.0-M3\d5c77e2df6a820ae30fc17f21a3f8cfc03183980\junit-platform-commons-1.0.0-M3.jar;C:\Users\vvempati\.gradle\caches\modules-2\files-2.1\org.opentest4j\opentest4j\1.0.0-M1\b091255eafd515995a5c5fa042cd8db6f4860bf6\opentest4j-1.0.0-M1.jar;C:\Users\vvempati\.gradle\caches\modules-2\files-2.1\org.jetbrains.kotlin\kotlin-runtime\1.0.6\3562c66f648480d3bd4f76cff722488ced13445b\kotlin-runtime-1.0.6.jar;C:\Users\vvempati\.gradle\caches\modules-2\files-2.1\org.jetbrains.spek\spek-api\1.1.0-beta3\8fe424848f5dea5e14b6d264a44899964ec61c3f\spek-api-1.1.0-beta3.jar;C:\Users\vvempati\.gradle\caches\modules-2\files-2.1\org.jetbrains.spek\spek-junit-platform-engine\1.1.0-beta3\f734a22434c5ca1da35b2f6fdf46d1821ba91540\spek-junit-platform-engine-1.1.0-beta3.jar;C:\Users\vvempati\.gradle\caches\modules-2\files-2.1\org.jetbrains.spek\spek-subject-extension\1.1.0-beta3\e8e16a65c43dfcb5ecef50c8cd964ed77fdc71a8\spek-subject-extension-1.1.0-beta3.jar;C:\Users\vvempati\.gradle\caches\modules-2\files-2.1\com.fasterxml.jackson.module\jackson-module-kotlin\2.8.5\1f898f0d2660e2d3732fd6710c61852f9cfd0162\jackson-module-kotlin-2.8.5.jar;C:\Users\vvempati\.gradle\caches\modules-2\files-2.1\com.google.guava\guava\16.0.1\5fa98cd1a63c99a44dd8d3b77e4762b066a5d0c5\guava-16.0.1.jar;C:\Users\vvempati\.gradle\caches\modules-2\files-2.1\io.dropwizard.metrics\metrics-core\3.1.2\224f03afd2521c6c94632f566beb1bb5ee32cf07\metrics-core-3.1.2.jar;C:\Users\vvempati\.gradle\caches\modules-2\files-2.1\com.github.jnr\jnr-ffi\2.0.7\f0968c5bb5a283ebda2df3604c2c1129d45196e3\jnr-ffi-2.0.7.jar;C:\Users\vvempati\.gradle\caches\modules-2\files-2.1\com.github.jnr\jnr-posix\3.0.27\f7441d13187d93d59656ac8f800cba3043935b59\jnr-posix-3.0.27.jar;C:\Users\vvempati\.gradle\caches\modules-2\files-2.1\org.slf4j\slf4j-api\1.7.7\2b8019b6249bb05d81d3a3094e468753e2b21311\slf4j-api-1.7.7.jar;C:\Users\vvempati\.gradle\caches\modules-2\files-2.1\com.github.jnr\jffi\1.2.10\d58fdb2283456bc3f049bfbef40b592fa1aaa975\jffi-1.2.10.jar;C:\Users\vvempati\.gradle\caches\modules-2\files-2.1\com.github.jnr\jffi\1.2.10\7de1bb566847c2ed71d91ca063a8af604f250ade\jffi-1.2.10-native.jar;C:\Users\vvempati\.gradle\caches\modules-2\files-2.1\org.ow2.asm\asm\5.0.3\dcc2193db20e19e1feca8b1240dbbc4e190824fa\asm-5.0.3.jar;C:\Users\vvempati\.gradle\caches\modules-2\files-2.1\org.ow2.asm\asm-commons\5.0.3\a7111830132c7f87d08fe48cb0ca07630f8cb91c\asm-commons-5.0.3.jar;C:\Users\vvempati\.gradle\caches\modules-2\files-2.1\org.ow2.asm\asm-analysis\5.0.3\c7126aded0e8e13fed5f913559a0dd7b770a10f3\asm-analysis-5.0.3.jar;C:\Users\vvempati\.gradle\caches\modules-2\files-2.1\org.ow2.asm\asm-tree\5.0.3\287749b48ba7162fb67c93a026d690b29f410bed\asm-tree-5.0.3.jar;C:\Users\vvempati\.gradle\caches\modules-2\files-2.1\org.ow2.asm\asm-util\5.0.3\1512e5571325854b05fb1efce1db75fcced54389\asm-util-5.0.3.jar;C:\Users\vvempati\.gradle\caches\modules-2\files-2.1\com.github.jnr\jnr-x86asm\1.0.2\6936bbd6c5b235665d87bd450f5e13b52d4b48\jnr-x86asm-1.0.2.jar;C:\Users\vvempati\.gradle\caches\modules-2\files-2.1\com.github.jnr\jnr-constants\0.9.0\6894684e17a84cd500836e82b5e6c674b4d4dda6\jnr-constants-0.9.0.jar;C:\Users\vvempati\.gradle\caches\modules-2\files-2.1\org.objenesis\objenesis\2.4\2916b6c96b50c5b3ec4452ed99401db745aabb27\objenesis-2.4.jar;C:\Users\vvempati\.gradle\caches\modules-2\files-2.1\org.jetbrains.kotlin\kotlin-reflect\1.0.6\3d499d3b7768f88c4796e5a1e357933e11a8936d\kotlin-reflect-1.0.6.jar;C:\Users\vvempati\.gradle\caches\modules-2\files-2.1\com.fasterxml.jackson.core\jackson-databind\2.8.5\b3035f37e674c04dafe36a660c3815cc59f764e2\jackson-databind-2.8.5.jar;C:\Users\vvempati\.gradle\caches\modules-2\files-2.1\com.fasterxml.jackson.core\jackson-annotations\2.8.0\45b426f7796b741035581a176744d91090e2e6fb\jackson-annotations-2.8.0.jar;C:\Users\vvempati\.gradle\caches\modules-2\files-2.1\com.fasterxml.jackson.core\jackson-core\2.8.5\60d059f5d2930ccd1ef03535b713fd9f933d1ba7\jackson-core-2.8.5.jar;C:\Users\vvempati\.gradle\caches\modules-2\files-2.1\org.junit.platform\junit-platform-console\1.0.0-M3\fec4071130bcec4081b868a59fa6cad47f11733\junit-platform-console-1.0.0-M3.jar"/>
<property name="java.class.version" value="52.0"/>
<property name="java.endorsed.dirs" value="C:\Program Files\Java\jdk1.8.0_121\jre\lib\endorsed"/>
<property name="java.ext.dirs" value="C:\Program Files\Java\jdk1.8.0_121\jre\lib\ext;C:\WINDOWS\Sun\Java\lib\ext"/>
<property name="java.home" value="C:\Program Files\Java\jdk1.8.0_121\jre"/>
<property name="java.io.tmpdir" value="C:\Users\vvempati\AppData\Local\Temp\"/>
<property name="java.library.path" value="C:\Program Files\Java\jdk1.8.0_121\bin;C:\WINDOWS\Sun\Java\bin;C:\WINDOWS\system32;C:\WINDOWS;C:\Users\vvempati\bin;C:\Program Files\Git\mingw64\bin;C:\Program Files\Git\usr\local\bin;C:\Program Files\Git\usr\bin;C:\Program Files\Git\usr\bin;C:\Program Files\Git\mingw64\bin;C:\Program Files\Git\usr\bin;C:\Users\vvempati\bin;C:\Program Files\Docker\Docker\Resources\bin;C:\ProgramData\Oracle\Java\javapath;C:\Program Files (x86)\Intel\iCLS Client;C:\Program Files\Intel\iCLS Client;C:\WINDOWS\system32;C:\WINDOWS;C:\WINDOWS\System32\Wbem;C:\WINDOWS\System32\WindowsPowerShell\v1.0;C:\Program Files\Lenovo\Fingerprint Manager Pro;C:\Program Files (x86)\Common Files\Lenovo;C:\Program Files (x86)\Common Files\lenovo\easyplussdk\bin;C:\ProgramData\Lenovo\ReadyApps;C:\Program Files (x86)\Lenovo\Password Manager;C:\Program Files (x86)\QuickTime\QTSystem;C:\Program Files (x86)\Skype\Phone;C:\Program Files (x86)\Intel\Intel(R) Management Engine Components\DAL;C:\Program Files\Intel\Intel(R) Management Engine Components\DAL;C:\Program Files (x86)\Intel\Intel(R) Management Engine Components\IPT;C:\Program Files\Intel\Intel(R) Management Engine Components\IPT;C:\Program Files\Amazon\AWSCLI;C:\Program Files\Intel\WiFi\bin;C:\Program Files\Common Files\Intel\WirelessCommon;C:\Program Files\nodejs;C:\Program Files\Microsoft SQL Server\Client SDK\ODBC\130\Tools\Binn;C:\Program Files (x86)\Microsoft SQL Server\130\Tools\Binn;C:\Program Files\Microsoft SQL Server\130\Tools\Binn;C:\Program Files\Microsoft SQL Server\130\DTS\Binn;C:\Program Files (x86)\Microsoft SQL Server\Client SDK\ODBC\130\Tools\Binn;C:\Program Files (x86)\Microsoft SQL Server\130\DTS\Binn;C:\Program Files (x86)\Microsoft SQL Server\130\Tools\Binn\ManagementStudio;C:\Users\vvempati\AppData\Local\Microsoft\WindowsApps;C:\Users\vvempati\AppData\Roaming\npm;C:\Users\vvempati\vert.x-2.1.5\bin;C:\Program Files\Java\jdk1.8.0_121\bin;C:\grails-3.2.4\bin;C:\groovy-2.4.8\bin;C:\apache-ant-1.10.0\bin;C:\apache-tomcat-8.5.11\bin;C:\Program Files\Git\usr\bin\vendor_perl;C:\Program Files\Git\usr\bin\core_perl;C:\Users\vvempati\projects\gradle-3.3\bin;."/>
<property name="java.runtime.name" value="Java(TM) SE Runtime Environment"/>
<property name="java.runtime.version" value="1.8.0_121-b13"/>
<property name="java.specification.name" value="Java Platform API Specification"/>
<property name="java.specification.vendor" value="Oracle Corporation"/>
<property name="java.specification.version" value="1.8"/>
<property name="java.vendor" value="Oracle Corporation"/>
<property name="java.vendor.url" value="http://java.oracle.com/"/>
<property name="java.vendor.url.bug" value="http://bugreport.sun.com/bugreport/"/>
<property name="java.version" value="1.8.0_121"/>
<property name="java.vm.info" value="mixed mode"/>
<property name="java.vm.name" value="Java HotSpot(TM) 64-Bit Server VM"/>
<property name="java.vm.specification.name" value="Java Virtual Machine Specification"/>
<property name="java.vm.specification.vendor" value="Oracle Corporation"/>
<property name="java.vm.specification.version" value="1.8"/>
<property name="java.vm.vendor" value="Oracle Corporation"/>
<property name="java.vm.version" value="25.121-b13"/>
<property name="line.separator" value="
"/>
<property name="os.arch" value="amd64"/>
<property name="os.name" value="Windows 10"/>
<property name="os.version" value="10.0"/>
<property name="path.separator" value=";"/>
<property name="sun.arch.data.model" value="64"/>
<property name="sun.boot.class.path" value="C:\Program Files\Java\jdk1.8.0_121\jre\lib\resources.jar;C:\Program Files\Java\jdk1.8.0_121\jre\lib\rt.jar;C:\Program Files\Java\jdk1.8.0_121\jre\lib\sunrsasign.jar;C:\Program Files\Java\jdk1.8.0_121\jre\lib\jsse.jar;C:\Program Files\Java\jdk1.8.0_121\jre\lib\jce.jar;C:\Program Files\Java\jdk1.8.0_121\jre\lib\charsets.jar;C:\Program Files\Java\jdk1.8.0_121\jre\lib\jfr.jar;C:\Program Files\Java\jdk1.8.0_121\jre\classes"/>
<property name="sun.boot.library.path" value="C:\Program Files\Java\jdk1.8.0_121\jre\bin"/>
<property name="sun.cpu.endian" value="little"/>
<property name="sun.cpu.isalist" value="amd64"/>
<property name="sun.desktop" value="windows"/>
<property name="sun.io.unicode.encoding" value="UnicodeLittle"/>
<property name="sun.java.command" value="org.junit.platform.console.ConsoleLauncher --hide-details --scan-class-path C:\Users\vvempati\projects\Diamond\codingChallenge\application\build\classes\main;C:\Users\vvempati\projects\Diamond\codingChallenge\application\build\resources\main;C:\Users\vvempati\projects\Diamond\codingChallenge\application\build\classes\test;C:\Users\vvempati\projects\Diamond\codingChallenge\application\build\resources\test -n ^.*Tests?$ -e spek -e spek --reports-dir C:\Users\vvempati\projects\Diamond\codingChallenge\application\build\test-results\junit-platform"/>
<property name="sun.java.launcher" value="SUN_STANDARD"/>
<property name="sun.jnu.encoding" value="Cp1252"/>
<property name="sun.management.compiler" value="HotSpot 64-Bit Tiered Compilers"/>
<property name="sun.nio.ch.bugLevel" value=""/>
<property name="sun.os.patch.level" value=""/>
<property name="user.country" value="US"/>
<property name="user.dir" value="C:\Users\vvempati\projects\Diamond\codingChallenge\application"/>
<property name="user.home" value="C:\Users\vvempati"/>
<property name="user.language" value="en"/>
<property name="user.name" value="vvempati"/>
<property name="user.script" value=""/>
<property name="user.timezone" value="America/Los_Angeles"/>
<property name="user.variant" value=""/>
</properties>
<testcase name="it returns a 2xx status" classname="describe The root URL is queried" time="1.939">
<system-out><![CDATA[
unique-id: [engine:spek]/[spec:filmData.ApplicationTest]/[group:describe Start]/[group:describe The root URL is queried]/[test:it returns a 2xx status]
display-name: it returns a 2xx status
]]></system-out>
</testcase>
<testcase name="it returns a list of all the films when queried" classname="describe listAllFilms" time="0.612">
<system-out><![CDATA[
unique-id: [engine:spek]/[spec:filmData.ApplicationTest]/[group:describe Start]/[group:describe listAllFilms]/[test:it returns a list of all the films when queried]
display-name: it returns a list of all the films when queried
]]></system-out>
</testcase>
<testcase name="it displays the film information of the film that the user requests" classname="describe view" time="0.309">
<system-out><![CDATA[
unique-id: [engine:spek]/[spec:filmData.ApplicationTest]/[group:describe Start]/[group:describe view]/[test:it displays the film information of the film that the user requests]
display-name: it displays the film information of the film that the user requests
]]></system-out>
</testcase>
<system-out><![CDATA[
unique-id: [engine:spek]
display-name: Spek
]]></system-out>
</testsuite>
